Using pre-set license
Built from '2020.3/staging' branch; Version is '2020.3.33f1 (915a7af8b0d5) revision 9525882'; Using compiler version '192528614'; Build Type 'Release'
OS: 'Windows 10  (10.0.19044) 64bit CoreSingleLanguage' Language: 'en' Physical Memory: 8059 MB
BatchMode: 1, IsHumanControllingUs: 0, StartBugReporterOnCrash: 0, Is64bit: 1, IsPro: 0

COMMAND LINE ARGUMENTS:
C:\Program Files\Unity\Hub\Editor\2020.3.33f1\Editor\Unity.exe
-adb2
-batchMode
-noUpm
-name
AssetImportWorker0
-projectPath
C:/Users/bhawn/AR TECH/foundation ar
-logFile
Logs/AssetImportWorker0.log
-srvPort
59038
Successfully changed project path to: C:/Users/bhawn/AR TECH/foundation ar
C:/Users/bhawn/AR TECH/foundation ar
Using Asset Import Pipeline V2.
Refreshing native plugins compatible for Editor in 85.46 ms, found 2 plugins.
Preloading 0 native plugins for Editor in 0.00 ms.
Initialize engine version: 2020.3.33f1 (915a7af8b0d5)
[Subsystems] Discovering subsystems at path C:/Program Files/Unity/Hub/Editor/2020.3.33f1/Editor/Data/Resources/UnitySubsystems
[Subsystems] Discovering subsystems at path C:/Users/bhawn/AR TECH/foundation ar/Assets
GfxDevice: creating device client; threaded=0
Direct3D:
    Version:  Direct3D 11.0 [level 11.1]
    Renderer: NVIDIA GeForce GTX 1650 (ID=0x1f99)
    Vendor:   
    VRAM:     3962 MB
    Driver:   27.21.14.6230
Initialize mono
Mono path[0] = 'C:/Program Files/Unity/Hub/Editor/2020.3.33f1/Editor/Data/Managed'
Mono path[1] = 'C:/Program Files/Unity/Hub/Editor/2020.3.33f1/Editor/Data/MonoBleedingEdge/lib/mono/unityjit'
Mono config path = 'C:/Program Files/Unity/Hub/Editor/2020.3.33f1/Editor/Data/MonoBleedingEdge/etc'
Using monoOptions --debugger-agent=transport=dt_socket,embedding=1,server=y,suspend=n,address=127.0.0.1:56632
Begin MonoManager ReloadAssembly
Registering precompiled unity dll's ...
Register platform support module: C:/Program Files/Unity/Hub/Editor/2020.3.33f1/Editor/Data/PlaybackEngines/WindowsStandaloneSupport/UnityEditor.WindowsStandalone.Extensions.dll
Registered in 0.004803 seconds.
Native extension for WindowsStandalone target not found
Refreshing native plugins compatible for Editor in 52.24 ms, found 2 plugins.
Preloading 0 native plugins for Editor in 0.00 ms.
Mono: successfully reloaded assembly
- Completed reload, in  0.860 seconds
Domain Reload Profiling:
	ReloadAssembly (861ms)
		BeginReloadAssembly (154ms)
			ExecutionOrderSort (0ms)
			DisableScriptedObjects (0ms)
			BackupInstance (0ms)
			ReleaseScriptingObjects (0ms)
			CreateAndSetChildDomain (2ms)
		EndReloadAssembly (613ms)
			LoadAssemblies (150ms)
			RebuildTransferFunctionScriptingTraits (1ms)
			SetupTypeCache (192ms)
			ReleaseScriptCaches (0ms)
			RebuildScriptCaches (37ms)
			SetupLoadedEditorAssemblies (229ms)
				LogAssemblyErrors (0ms)
				InitializePlatformSupportModulesInManaged (5ms)
				SetLoadedEditorAssemblies (0ms)
				RefreshPlugins (52ms)
				BeforeProcessingInitializeOnLoad (18ms)
				ProcessInitializeOnLoadAttributes (107ms)
				ProcessInitializeOnLoadMethodAttributes (45ms)
				AfterProcessingInitializeOnLoad (0ms)
				EditorAssembliesLoaded (0ms)
			ExecutionOrderSort2 (0ms)
			AwakeInstancesAfterBackupRestoration (0ms)
Platform modules already initialized, skipping
Registering precompiled user dll's ...
Registered in 0.027588 seconds.
Begin MonoManager ReloadAssembly
Symbol file LoadedFromMemory doesn't match image C:\Users\bhawn\AR TECH\foundation ar\Library\PackageCache\com.unity.collab-proxy@1.15.15\Lib\Editor\PlasticSCM\unityplastic.dll
Native extension for WindowsStandalone target not found
Refreshing native plugins compatible for Editor in 58.85 ms, found 2 plugins.
Preloading 0 native plugins for Editor in 0.00 ms.
Mono: successfully reloaded assembly
- Completed reload, in  1.708 seconds
Domain Reload Profiling:
	ReloadAssembly (1720ms)
		BeginReloadAssembly (220ms)
			ExecutionOrderSort (0ms)
			DisableScriptedObjects (7ms)
			BackupInstance (0ms)
			ReleaseScriptingObjects (0ms)
			CreateAndSetChildDomain (24ms)
		EndReloadAssembly (1391ms)
			LoadAssemblies (236ms)
			RebuildTransferFunctionScriptingTraits (0ms)
			SetupTypeCache (412ms)
			ReleaseScriptCaches (0ms)
			RebuildScriptCaches (94ms)
			SetupLoadedEditorAssemblies (493ms)
				LogAssemblyErrors (0ms)
				InitializePlatformSupportModulesInManaged (4ms)
				SetLoadedEditorAssemblies (0ms)
				RefreshPlugins (59ms)
				BeforeProcessingInitializeOnLoad (110ms)
				ProcessInitializeOnLoadAttributes (287ms)
				ProcessInitializeOnLoadMethodAttributes (21ms)
				AfterProcessingInitializeOnLoad (11ms)
				EditorAssembliesLoaded (0ms)
			ExecutionOrderSort2 (0ms)
			AwakeInstancesAfterBackupRestoration (13ms)
Platform modules already initialized, skipping
========================================================================
Worker process is ready to serve import requests
Launched and connected shader compiler UnityShaderCompiler.exe after 0.23 seconds
Refreshing native plugins compatible for Editor in 1.31 ms, found 2 plugins.
Preloading 0 native plugins for Editor in 0.00 ms.
Unloading 2152 Unused Serialized files (Serialized files now loaded: 0)
System memory in use before: 88.6 MB.
System memory in use after: 88.7 MB.

Unloading 48 unused Assets to reduce memory usage. Loaded Objects now: 2562.
Total: 3.276300 ms (FindLiveObjects: 0.186200 ms CreateObjectMapping: 0.091300 ms MarkObjects: 2.861600 ms  DeleteObjects: 0.136300 ms)

AssetImportParameters requested are different than current active one (requested -> active):
  custom:framework-win-MediaFoundation: 216162199b28c13a410421893ffa2e32 -> 
  custom:video-decoder-ogg-theora: a1e56fd34408186e4bbccfd4996cb3dc -> 
  custom:container-muxer-webm: aa71ff27fc2769a1b78a27578f13a17b -> 
  custom:container-demuxer-webm: 4f35f7cbe854078d1ac9338744f61a02 -> 
  custom:container-demuxer-ogg: 62fdf1f143b41e24485cea50d1cbac27 -> 
  custom:video-encoder-webm-vp8: eb34c28f22e8b96e1ab97ce403110664 -> 
  custom:video-codec-MediaFoundation-h265: 746d11721c4dcdbdad8f713fa42b33f4 -> 
  custom:video-decoder-webm-vp8: 9c59270c3fd7afecdb556c50c9e8de78 -> 
  custom:audio-decoder-ogg-vorbis: bf7c407c2cedff20999df2af8eb42d56 -> 
  custom:audio-encoder-webm-vorbis: bf7c407c2cedff20999df2af8eb42d56 -> 
========================================================================
Received Import Request.
  path: Assets/Import/Higokumaru__Honkai_Impact_3rd/license.txt
  artifactKey: Guid(38245ab90611c6e4eb0368e611769dc9) Importer(815301076,1909f56bfc062723c751e8b465ee728b)
Start importing Assets/Import/Higokumaru__Honkai_Impact_3rd/license.txt using Guid(38245ab90611c6e4eb0368e611769dc9) Importer(815301076,1909f56bfc062723c751e8b465ee728b)  -> (artifact id: '9a9fa6f424c402e66e759347ce6c8ce6') in 0.054189 seconds 
========================================================================
Received Import Request.
  Time since last request: 23.403381 seconds.
  path: Assets/Import/Higokumaru__Honkai_Impact_3rd/textures
  artifactKey: Guid(f3bb2da1ca4df0d498d4731d87307a02) Importer(815301076,1909f56bfc062723c751e8b465ee728b)
Start importing Assets/Import/Higokumaru__Honkai_Impact_3rd/textures using Guid(f3bb2da1ca4df0d498d4731d87307a02) Importer(815301076,1909f56bfc062723c751e8b465ee728b)  -> (artifact id: '80cab7aea7a9ace5388835591d61d11c') in 0.010884 seconds 
========================================================================
Received Import Request.
  Time since last request: 1.114241 seconds.
  path: Assets/Import/Higokumaru__Honkai_Impact_3rd/textures/Clothes_emissive_0.png
  artifactKey: Guid(1f0571dfc6e15674882ddecd70423a0c) Importer(815301076,1909f56bfc062723c751e8b465ee728b)
Start importing Assets/Import/Higokumaru__Honkai_Impact_3rd/textures/Clothes_emissive_0.png using Guid(1f0571dfc6e15674882ddecd70423a0c) Importer(815301076,1909f56bfc062723c751e8b465ee728b)  -> (artifact id: '8bb7086993c9380406d3ffae6ec9b008') in 0.181256 seconds 
========================================================================
Received Import Request.
  Time since last request: 0.000347 seconds.
  path: Assets/Import/Higokumaru__Honkai_Impact_3rd/textures/Fire_emissive_3.png
  artifactKey: Guid(10331a45060327d4aaf3f0b23dcdcd0c) Importer(815301076,1909f56bfc062723c751e8b465ee728b)
Start importing Assets/Import/Higokumaru__Honkai_Impact_3rd/textures/Fire_emissive_3.png using Guid(10331a45060327d4aaf3f0b23dcdcd0c) Importer(815301076,1909f56bfc062723c751e8b465ee728b)  -> (artifact id: 'db3454da57353ba9ec2be5183d12ada0') in 0.039530 seconds 
========================================================================
Received Import Request.
  Time since last request: 0.000313 seconds.
  path: Assets/Import/Higokumaru__Honkai_Impact_3rd/textures/Hair_emissive_2.png
  artifactKey: Guid(e1053ad2ea654df48885908032274364) Importer(815301076,1909f56bfc062723c751e8b465ee728b)
Start importing Assets/Import/Higokumaru__Honkai_Impact_3rd/textures/Hair_emissive_2.png using Guid(e1053ad2ea654df48885908032274364) Importer(815301076,1909f56bfc062723c751e8b465ee728b)  -> (artifact id: '6b547010f77b5e080d15e7b12280a14b') in 0.086700 seconds 
========================================================================
Received Import Request.
  Time since last request: 0.000298 seconds.
  path: Assets/Import/Higokumaru__Honkai_Impact_3rd/textures/Skin_emissive_1.png
  artifactKey: Guid(ef1bb751b6a63cb499a084b56ca11ff4) Importer(815301076,1909f56bfc062723c751e8b465ee728b)
Start importing Assets/Import/Higokumaru__Honkai_Impact_3rd/textures/Skin_emissive_1.png using Guid(ef1bb751b6a63cb499a084b56ca11ff4) Importer(815301076,1909f56bfc062723c751e8b465ee728b)  -> (artifact id: 'd88dbed2e97e12e39db432c5169bd0ea') in 0.062037 seconds 
========================================================================
Received Import Request.
  Time since last request: 928.818874 seconds.
  path: Assets/demo/ARTapToPlaceObject.cs
  artifactKey: Guid(3dab2a24249f7854fa6fc07a7969b4bb) Importer(815301076,1909f56bfc062723c751e8b465ee728b)
Start importing Assets/demo/ARTapToPlaceObject.cs using Guid(3dab2a24249f7854fa6fc07a7969b4bb) Importer(815301076,1909f56bfc062723c751e8b465ee728b)  -> (artifact id: '83079a7e6d0b6fbb9a8ad355953485e3') in 0.017952 seconds 
AssetImportWorkerClient::OnTransportError - code=2 error=End of file
